[35m[1mScanning dependencies of target std_msgs_generate_messages_py[0m
[35m[1mScanning dependencies of target rosgraph_msgs_generate_messages_eus[0m
[35m[1mScanning dependencies of target std_msgs_generate_messages_nodejs[0m
[  0%] Built target std_msgs_generate_messages_py
[  0%] Built target rosgraph_msgs_generate_messages_eus
[  0%] Built target std_msgs_generate_messages_nodejs
[35m[1mScanning dependencies of target std_msgs_generate_messages_cpp[0m
[35m[1mScanning dependencies of target rosgraph_msgs_generate_messages_lisp[0m
[35m[1mScanning dependencies of target rosgraph_msgs_generate_messages_nodejs[0m
[  0%] Built target rosgraph_msgs_generate_messages_lisp
[  0%] Built target std_msgs_generate_messages_cpp
[  0%] Built target rosgraph_msgs_generate_messages_nodejs
[35m[1mScanning dependencies of target roscpp_generate_messages_py[0m
[35m[1mScanning dependencies of target std_msgs_generate_messages_lisp[0m
[35m[1mScanning dependencies of target roscpp_generate_messages_cpp[0m
[  0%] Built target roscpp_generate_messages_py
[  0%] Built target roscpp_generate_messages_cpp
[35m[1mScanning dependencies of target roscpp_generate_messages_eus[0m
[35m[1mScanning dependencies of target rosgraph_msgs_generate_messages_py[0m
[  0%] Built target std_msgs_generate_messages_lisp
[  0%] Built target roscpp_generate_messages_eus
[  0%] Built target rosgraph_msgs_generate_messages_py
[35m[1mScanning dependencies of target std_msgs_generate_messages_eus[0m
[  0%] Built target std_msgs_generate_messages_eus
[35m[1mScanning dependencies of target roscpp_generate_messages_nodejs[0m
[35m[1mScanning dependencies of target rosgraph_msgs_generate_messages_cpp[0m
[35m[1mScanning dependencies of target roscpp_generate_messages_lisp[0m
[  0%] Built target roscpp_generate_messages_lisp
[  0%] Built target rosgraph_msgs_generate_messages_cpp
[35m[1mScanning dependencies of target jzhao_suture_simulation_ver31_OTHER_FILES[0m
[  0%] Built target roscpp_generate_messages_nodejs
[  0%] Built target jzhao_suture_simulation_ver31_OTHER_FILES
[35m[1mScanning dependencies of target suture_simulation_node[0m
[ 25%] [32mBuilding CXX object CMakeFiles/suture_simulation_node.dir/src/suture_simulation_node.cpp.o[0m
[ 50%] [32mBuilding CXX object CMakeFiles/suture_simulation_node.dir/src/suture_simulation.cpp.o[0m
[ 75%] [32mBuilding CXX object CMakeFiles/suture_simulation_node.dir/src/my_line_segment.cpp.o[0m
[100%] [32m[1mLinking CXX executable /home/kai/git/jzhao_suture2021/catkin_ws/devel_release/.private/jzhao_suture_simulation_ver31/lib/jzhao_suture_simulation_ver31/suture_simulation_node[0m
[100%] Built target suture_simulation_node
